<?xml version="1.0" encoding="UTF-8"?>
<testsuites name="ATS1 - Login page test suite - Copy" time="140.784" tests="8" failures="0" errors="0">
   <testsuite name="ATS1 - Login page test suite - Copy" tests="8" failures="0" errors="0" time="140.784" skipped="0" timestamp="16-01-2025T14:00:25" hostname="thuy - thuy-Modern-14-B11MOU" id="Test Suites/Web/ATS1 - Login page test suite - Copy">
      <properties>
         <property name="deviceName" value=""/>
         <property name="devicePlatform"/>
         <property name="logFolder" value="/home/thuy/Downloads/katalon-projects/FirstTestProject/Reports/20250116_140010/Web/ATS1 - Login page test suite - Copy/20250116_140013"/>
         <property name="logFiles" value="/home/thuy/Downloads/katalon-projects/FirstTestProject/Reports/20250116_140010/Web/ATS1 - Login page test suite - Copy/20250116_140013/execution0.log"/>
         <property name="attachments" value=""/>
         <property name="hostName" value="thuy - thuy-Modern-14-B11MOU"/>
         <property name="os" value="Linux 64bit"/>
         <property name="katalonVersion" value="10.0.1.223"/>
         <property name="browser" value="Firefox 133.0"/>
         <property name="hostAddress" value="127.0.1.1"/>
         <property name="sessionId" value="73eb2ff7-08a7-4d5d-9b43-1728709eb7a1"/>
         <property name="seleniumVersion" value="4.22.0"/>
         <property name="proxyInformation" value="ProxyInformation { proxyOption=NO_PROXY, proxyServerType=HTTP, username=, password=********, proxyServerAddress=, proxyServerPort=0, executionList=&quot;&quot;, isApplyToDesiredCapabilities=true }"/>
         <property name="platform" value="Linux"/>
      </properties>
      <testcase name="Test Cases/Web/WTC1 - Login user successfully - Copy - Copy - Copy" time="22.343" classname="Test Cases/Web/WTC1 - Login user successfully - Copy - Copy - Copy" status="PASSED">
         <system-out><![CDATA[16-01-2025T14:00:25 - [TEST_CASE][PASSED] - Test Cases/Web/WTC1 - Login user successfully - Copy - Copy - Copy: Test Cases/Web/WTC1 - Login user successfully - Copy - Copy - Copy

16-01-2025T14:00:25 - [TEST_STEP][PASSED] - openBrowser(webBaseUrl + "/web/index.php/auth/login"): Browser is opened with url: 'https://opensource-demo.orangehrmlive.com/web/index.php/auth/login'

16-01-2025T14:00:26 - [MESSAGE][INFO] - Starting 'Firefox (headless)' driver

16-01-2025T14:00:26 - [MESSAGE][INFO] - Action delay is set to 0 milliseconds

16-01-2025T14:00:40 - [MESSAGE][PASSED] - Browser is opened with url: 'https://opensource-demo.orangehrmlive.com/web/index.php/auth/login'

16-01-2025T14:00:40 - [TEST_STEP][PASSED] - setText(findTestObject("Object Repository/Web/LoginPage_OrangeHRM/input_Username_username"), "Admin"): Text 'Admin' is set on object 'Object Repository/Web/LoginPage_OrangeHRM/input_Username_username'

16-01-2025T14:00:42 - [MESSAGE][PASSED] - Text 'Admin' is set on object 'Object Repository/Web/LoginPage_OrangeHRM/input_Username_username'

16-01-2025T14:00:42 - [TEST_STEP][PASSED] - setEncryptedText(findTestObject("Object Repository/Web/LoginPage_OrangeHRM/input_Password_password"), "hUKwJTbofgPU9eVlw/CnDQ=="): Text ****** has been set on object 'Object Repository/Web/LoginPage_OrangeHRM/input_Password_password'

16-01-2025T14:00:42 - [MESSAGE][PASSED] - Text ****** has been set on object 'Object Repository/Web/LoginPage_OrangeHRM/input_Password_password'

16-01-2025T14:00:42 - [TEST_STEP][PASSED] - click(findTestObject("Object Repository/Web/LoginPage_OrangeHRM/button_Login")): Object: 'Object Repository/Web/LoginPage_OrangeHRM/button_Login' is clicked on

16-01-2025T14:00:44 - [MESSAGE][PASSED] - Object: 'Object Repository/Web/LoginPage_OrangeHRM/button_Login' is clicked on

16-01-2025T14:00:44 - [TEST_STEP][PASSED] - verifyElementPresent(findTestObject("Object Repository/Web/HomePage_OrangeHRM/span_manda user"), 10): Object 'Object Repository/Web/HomePage_OrangeHRM/span_manda user' is present

16-01-2025T14:00:47 - [MESSAGE][PASSED] - Object 'Object Repository/Web/HomePage_OrangeHRM/span_manda user' is present

16-01-2025T14:00:47 - [TEST_STEP][PASSED] - closeBrowser(): Browser is closed

16-01-2025T14:00:47 - [MESSAGE][PASSED] - Browser is closed]]></system-out>
         <system-err><![CDATA[]]></system-err>
      </testcase>
      <testcase name="Test Cases/Web/WTC1 - Login user successfully - Copy (2)" time="16.364" classname="Test Cases/Web/WTC1 - Login user successfully - Copy (2)" status="PASSED">
         <system-out><![CDATA[16-01-2025T14:00:47 - [TEST_CASE][PASSED] - Test Cases/Web/WTC1 - Login user successfully - Copy (2): Test Cases/Web/WTC1 - Login user successfully - Copy (2)

16-01-2025T14:00:47 - [TEST_STEP][PASSED] - openBrowser(webBaseUrl + "/web/index.php/auth/login"): Browser is opened with url: 'https://opensource-demo.orangehrmlive.com/web/index.php/auth/login'

16-01-2025T14:00:47 - [MESSAGE][INFO] - Starting 'Firefox (headless)' driver

16-01-2025T14:00:47 - [MESSAGE][INFO] - Action delay is set to 0 milliseconds

16-01-2025T14:00:56 - [MESSAGE][PASSED] - Browser is opened with url: 'https://opensource-demo.orangehrmlive.com/web/index.php/auth/login'

16-01-2025T14:00:56 - [TEST_STEP][PASSED] - setText(findTestObject("Object Repository/Web/LoginPage_OrangeHRM/input_Username_username"), "Admin"): Text 'Admin' is set on object 'Object Repository/Web/LoginPage_OrangeHRM/input_Username_username'

16-01-2025T14:00:58 - [MESSAGE][PASSED] - Text 'Admin' is set on object 'Object Repository/Web/LoginPage_OrangeHRM/input_Username_username'

16-01-2025T14:00:58 - [TEST_STEP][PASSED] - setEncryptedText(findTestObject("Object Repository/Web/LoginPage_OrangeHRM/input_Password_password"), "hUKwJTbofgPU9eVlw/CnDQ=="): Text ****** has been set on object 'Object Repository/Web/LoginPage_OrangeHRM/input_Password_password'

16-01-2025T14:00:58 - [MESSAGE][PASSED] - Text ****** has been set on object 'Object Repository/Web/LoginPage_OrangeHRM/input_Password_password'

16-01-2025T14:00:58 - [TEST_STEP][PASSED] - click(findTestObject("Object Repository/Web/LoginPage_OrangeHRM/button_Login")): Object: 'Object Repository/Web/LoginPage_OrangeHRM/button_Login' is clicked on

16-01-2025T14:01:00 - [MESSAGE][PASSED] - Object: 'Object Repository/Web/LoginPage_OrangeHRM/button_Login' is clicked on

16-01-2025T14:01:00 - [TEST_STEP][PASSED] - verifyElementPresent(findTestObject("Object Repository/Web/HomePage_OrangeHRM/span_manda user"), 10): Object 'Object Repository/Web/HomePage_OrangeHRM/span_manda user' is present

16-01-2025T14:01:03 - [MESSAGE][PASSED] - Object 'Object Repository/Web/HomePage_OrangeHRM/span_manda user' is present

16-01-2025T14:01:03 - [TEST_STEP][PASSED] - closeBrowser(): Browser is closed

16-01-2025T14:01:04 - [MESSAGE][PASSED] - Browser is closed]]></system-out>
         <system-err><![CDATA[]]></system-err>
      </testcase>
      <testcase name="Test Cases/Web/WTC1 - Login user successfully - Copy - Copy" time="16.143" classname="Test Cases/Web/WTC1 - Login user successfully - Copy - Copy" status="PASSED">
         <system-out><![CDATA[16-01-2025T14:01:04 - [TEST_CASE][PASSED] - Test Cases/Web/WTC1 - Login user successfully - Copy - Copy: Test Cases/Web/WTC1 - Login user successfully - Copy - Copy

16-01-2025T14:01:04 - [TEST_STEP][PASSED] - openBrowser(webBaseUrl + "/web/index.php/auth/login"): Browser is opened with url: 'https://opensource-demo.orangehrmlive.com/web/index.php/auth/login'

16-01-2025T14:01:04 - [MESSAGE][INFO] - Starting 'Firefox (headless)' driver

16-01-2025T14:01:04 - [MESSAGE][INFO] - Action delay is set to 0 milliseconds

16-01-2025T14:01:13 - [MESSAGE][PASSED] - Browser is opened with url: 'https://opensource-demo.orangehrmlive.com/web/index.php/auth/login'

16-01-2025T14:01:13 - [TEST_STEP][PASSED] - setText(findTestObject("Object Repository/Web/LoginPage_OrangeHRM/input_Username_username"), "Admin"): Text 'Admin' is set on object 'Object Repository/Web/LoginPage_OrangeHRM/input_Username_username'

16-01-2025T14:01:15 - [MESSAGE][PASSED] - Text 'Admin' is set on object 'Object Repository/Web/LoginPage_OrangeHRM/input_Username_username'

16-01-2025T14:01:15 - [TEST_STEP][PASSED] - setEncryptedText(findTestObject("Object Repository/Web/LoginPage_OrangeHRM/input_Password_password"), "hUKwJTbofgPU9eVlw/CnDQ=="): Text ****** has been set on object 'Object Repository/Web/LoginPage_OrangeHRM/input_Password_password'

16-01-2025T14:01:15 - [MESSAGE][PASSED] - Text ****** has been set on object 'Object Repository/Web/LoginPage_OrangeHRM/input_Password_password'

16-01-2025T14:01:15 - [TEST_STEP][PASSED] - click(findTestObject("Object Repository/Web/LoginPage_OrangeHRM/button_Login")): Object: 'Object Repository/Web/LoginPage_OrangeHRM/button_Login' is clicked on

16-01-2025T14:01:17 - [MESSAGE][PASSED] - Object: 'Object Repository/Web/LoginPage_OrangeHRM/button_Login' is clicked on

16-01-2025T14:01:17 - [TEST_STEP][PASSED] - verifyElementPresent(findTestObject("Object Repository/Web/HomePage_OrangeHRM/span_manda user"), 10): Object 'Object Repository/Web/HomePage_OrangeHRM/span_manda user' is present

16-01-2025T14:01:19 - [MESSAGE][PASSED] - Object 'Object Repository/Web/HomePage_OrangeHRM/span_manda user' is present

16-01-2025T14:01:19 - [TEST_STEP][PASSED] - closeBrowser(): Browser is closed

16-01-2025T14:01:20 - [MESSAGE][PASSED] - Browser is closed]]></system-out>
         <system-err><![CDATA[]]></system-err>
      </testcase>
      <testcase name="Test Cases/Web/WTC1 - Login user successfully - Copy - Copy (1)" time="15.631" classname="Test Cases/Web/WTC1 - Login user successfully - Copy - Copy (1)" status="PASSED">
         <system-out><![CDATA[16-01-2025T14:01:20 - [TEST_CASE][PASSED] - Test Cases/Web/WTC1 - Login user successfully - Copy - Copy (1): Test Cases/Web/WTC1 - Login user successfully - Copy - Copy (1)

16-01-2025T14:01:20 - [TEST_STEP][PASSED] - openBrowser(webBaseUrl + "/web/index.php/auth/login"): Browser is opened with url: 'https://opensource-demo.orangehrmlive.com/web/index.php/auth/login'

16-01-2025T14:01:20 - [MESSAGE][INFO] - Starting 'Firefox (headless)' driver

16-01-2025T14:01:20 - [MESSAGE][INFO] - Action delay is set to 0 milliseconds

16-01-2025T14:01:28 - [MESSAGE][PASSED] - Browser is opened with url: 'https://opensource-demo.orangehrmlive.com/web/index.php/auth/login'

16-01-2025T14:01:28 - [TEST_STEP][PASSED] - setText(findTestObject("Object Repository/Web/LoginPage_OrangeHRM/input_Username_username"), "Admin"): Text 'Admin' is set on object 'Object Repository/Web/LoginPage_OrangeHRM/input_Username_username'

16-01-2025T14:01:30 - [MESSAGE][PASSED] - Text 'Admin' is set on object 'Object Repository/Web/LoginPage_OrangeHRM/input_Username_username'

16-01-2025T14:01:30 - [TEST_STEP][PASSED] - setEncryptedText(findTestObject("Object Repository/Web/LoginPage_OrangeHRM/input_Password_password"), "hUKwJTbofgPU9eVlw/CnDQ=="): Text ****** has been set on object 'Object Repository/Web/LoginPage_OrangeHRM/input_Password_password'

16-01-2025T14:01:30 - [MESSAGE][PASSED] - Text ****** has been set on object 'Object Repository/Web/LoginPage_OrangeHRM/input_Password_password'

16-01-2025T14:01:30 - [TEST_STEP][PASSED] - click(findTestObject("Object Repository/Web/LoginPage_OrangeHRM/button_Login")): Object: 'Object Repository/Web/LoginPage_OrangeHRM/button_Login' is clicked on

16-01-2025T14:01:32 - [MESSAGE][PASSED] - Object: 'Object Repository/Web/LoginPage_OrangeHRM/button_Login' is clicked on

16-01-2025T14:01:32 - [TEST_STEP][PASSED] - verifyElementPresent(findTestObject("Object Repository/Web/HomePage_OrangeHRM/span_manda user"), 10): Object 'Object Repository/Web/HomePage_OrangeHRM/span_manda user' is present

16-01-2025T14:01:35 - [MESSAGE][PASSED] - Object 'Object Repository/Web/HomePage_OrangeHRM/span_manda user' is present

16-01-2025T14:01:35 - [TEST_STEP][PASSED] - closeBrowser(): Browser is closed

16-01-2025T14:01:36 - [MESSAGE][PASSED] - Browser is closed]]></system-out>
         <system-err><![CDATA[]]></system-err>
      </testcase>
      <testcase name="Test Cases/Web/WTC1 - Login user successfully - Copy (1) - Copy" time="16.273" classname="Test Cases/Web/WTC1 - Login user successfully - Copy (1) - Copy" status="PASSED">
         <system-out><![CDATA[16-01-2025T14:01:36 - [TEST_CASE][PASSED] - Test Cases/Web/WTC1 - Login user successfully - Copy (1) - Copy: Test Cases/Web/WTC1 - Login user successfully - Copy (1) - Copy

16-01-2025T14:01:36 - [TEST_STEP][PASSED] - openBrowser(webBaseUrl + "/web/index.php/auth/login"): Browser is opened with url: 'https://opensource-demo.orangehrmlive.com/web/index.php/auth/login'

16-01-2025T14:01:36 - [MESSAGE][INFO] - Starting 'Firefox (headless)' driver

16-01-2025T14:01:36 - [MESSAGE][INFO] - Action delay is set to 0 milliseconds

16-01-2025T14:01:44 - [MESSAGE][PASSED] - Browser is opened with url: 'https://opensource-demo.orangehrmlive.com/web/index.php/auth/login'

16-01-2025T14:01:44 - [TEST_STEP][PASSED] - setText(findTestObject("Object Repository/Web/LoginPage_OrangeHRM/input_Username_username"), "Admin"): Text 'Admin' is set on object 'Object Repository/Web/LoginPage_OrangeHRM/input_Username_username'

16-01-2025T14:01:46 - [MESSAGE][PASSED] - Text 'Admin' is set on object 'Object Repository/Web/LoginPage_OrangeHRM/input_Username_username'

16-01-2025T14:01:46 - [TEST_STEP][PASSED] - setEncryptedText(findTestObject("Object Repository/Web/LoginPage_OrangeHRM/input_Password_password"), "hUKwJTbofgPU9eVlw/CnDQ=="): Text ****** has been set on object 'Object Repository/Web/LoginPage_OrangeHRM/input_Password_password'

16-01-2025T14:01:46 - [MESSAGE][PASSED] - Text ****** has been set on object 'Object Repository/Web/LoginPage_OrangeHRM/input_Password_password'

16-01-2025T14:01:46 - [TEST_STEP][PASSED] - click(findTestObject("Object Repository/Web/LoginPage_OrangeHRM/button_Login")): Object: 'Object Repository/Web/LoginPage_OrangeHRM/button_Login' is clicked on

16-01-2025T14:01:49 - [MESSAGE][PASSED] - Object: 'Object Repository/Web/LoginPage_OrangeHRM/button_Login' is clicked on

16-01-2025T14:01:49 - [TEST_STEP][PASSED] - verifyElementPresent(findTestObject("Object Repository/Web/HomePage_OrangeHRM/span_manda user"), 10): Object 'Object Repository/Web/HomePage_OrangeHRM/span_manda user' is present

16-01-2025T14:01:51 - [MESSAGE][PASSED] - Object 'Object Repository/Web/HomePage_OrangeHRM/span_manda user' is present

16-01-2025T14:01:51 - [TEST_STEP][PASSED] - closeBrowser(): Browser is closed

16-01-2025T14:01:52 - [MESSAGE][PASSED] - Browser is closed]]></system-out>
         <system-err><![CDATA[]]></system-err>
      </testcase>
      <testcase name="Test Cases/Web/WTC1 - Login user successfully" time="14.176" classname="Test Cases/Web/WTC1 - Login user successfully" status="PASSED">
         <system-out><![CDATA[16-01-2025T14:01:52 - [TEST_CASE][PASSED] - Test Cases/Web/WTC1 - Login user successfully: Test Cases/Web/WTC1 - Login user successfully

16-01-2025T14:01:52 - [TEST_STEP][PASSED] - openBrowser(webBaseUrl + "/web/index.php/auth/login"): Browser is opened with url: 'https://opensource-demo.orangehrmlive.com/web/index.php/auth/login'

16-01-2025T14:01:52 - [MESSAGE][INFO] - Starting 'Firefox (headless)' driver

16-01-2025T14:01:52 - [MESSAGE][INFO] - Action delay is set to 0 milliseconds

16-01-2025T14:01:59 - [MESSAGE][PASSED] - Browser is opened with url: 'https://opensource-demo.orangehrmlive.com/web/index.php/auth/login'

16-01-2025T14:01:59 - [TEST_STEP][PASSED] - setText(findTestObject("Object Repository/Web/LoginPage_OrangeHRM/input_Username_username"), "Admin"): Text 'Admin' is set on object 'Object Repository/Web/LoginPage_OrangeHRM/input_Username_username'

16-01-2025T14:02:01 - [MESSAGE][PASSED] - Text 'Admin' is set on object 'Object Repository/Web/LoginPage_OrangeHRM/input_Username_username'

16-01-2025T14:02:01 - [TEST_STEP][PASSED] - setEncryptedText(findTestObject("Object Repository/Web/LoginPage_OrangeHRM/input_Password_password"), "hUKwJTbofgPU9eVlw/CnDQ=="): Text ****** has been set on object 'Object Repository/Web/LoginPage_OrangeHRM/input_Password_password'

16-01-2025T14:02:01 - [MESSAGE][PASSED] - Text ****** has been set on object 'Object Repository/Web/LoginPage_OrangeHRM/input_Password_password'

16-01-2025T14:02:01 - [TEST_STEP][PASSED] - click(findTestObject("Object Repository/Web/LoginPage_OrangeHRM/button_Login")): Object: 'Object Repository/Web/LoginPage_OrangeHRM/button_Login' is clicked on

16-01-2025T14:02:03 - [MESSAGE][PASSED] - Object: 'Object Repository/Web/LoginPage_OrangeHRM/button_Login' is clicked on

16-01-2025T14:02:03 - [TEST_STEP][PASSED] - verifyElementPresent(findTestObject("Object Repository/Web/HomePage_OrangeHRM/span_manda user"), 10): Object 'Object Repository/Web/HomePage_OrangeHRM/span_manda user' is present

16-01-2025T14:02:05 - [MESSAGE][PASSED] - Object 'Object Repository/Web/HomePage_OrangeHRM/span_manda user' is present

16-01-2025T14:02:05 - [TEST_STEP][PASSED] - closeBrowser(): Browser is closed

16-01-2025T14:02:06 - [MESSAGE][PASSED] - Browser is closed]]></system-out>
         <system-err><![CDATA[]]></system-err>
      </testcase>
      <testcase name="Test Cases/Web/WTC1 - Login user successfully - Copy" time="16.776" classname="Test Cases/Web/WTC1 - Login user successfully - Copy" status="PASSED">
         <system-out><![CDATA[16-01-2025T14:02:06 - [TEST_CASE][PASSED] - Test Cases/Web/WTC1 - Login user successfully - Copy: Test Cases/Web/WTC1 - Login user successfully - Copy

16-01-2025T14:02:06 - [TEST_STEP][PASSED] - openBrowser(webBaseUrl + "/web/index.php/auth/login"): Browser is opened with url: 'https://opensource-demo.orangehrmlive.com/web/index.php/auth/login'

16-01-2025T14:02:06 - [MESSAGE][INFO] - Starting 'Firefox (headless)' driver

16-01-2025T14:02:06 - [MESSAGE][INFO] - Action delay is set to 0 milliseconds

16-01-2025T14:02:15 - [MESSAGE][PASSED] - Browser is opened with url: 'https://opensource-demo.orangehrmlive.com/web/index.php/auth/login'

16-01-2025T14:02:15 - [TEST_STEP][PASSED] - setText(findTestObject("Object Repository/Web/LoginPage_OrangeHRM/input_Username_username"), "Admin"): Text 'Admin' is set on object 'Object Repository/Web/LoginPage_OrangeHRM/input_Username_username'

16-01-2025T14:02:17 - [MESSAGE][PASSED] - Text 'Admin' is set on object 'Object Repository/Web/LoginPage_OrangeHRM/input_Username_username'

16-01-2025T14:02:17 - [TEST_STEP][PASSED] - setEncryptedText(findTestObject("Object Repository/Web/LoginPage_OrangeHRM/input_Password_password"), "hUKwJTbofgPU9eVlw/CnDQ=="): Text ****** has been set on object 'Object Repository/Web/LoginPage_OrangeHRM/input_Password_password'

16-01-2025T14:02:17 - [MESSAGE][PASSED] - Text ****** has been set on object 'Object Repository/Web/LoginPage_OrangeHRM/input_Password_password'

16-01-2025T14:02:17 - [TEST_STEP][PASSED] - click(findTestObject("Object Repository/Web/LoginPage_OrangeHRM/button_Login")): Object: 'Object Repository/Web/LoginPage_OrangeHRM/button_Login' is clicked on

16-01-2025T14:02:19 - [MESSAGE][PASSED] - Object: 'Object Repository/Web/LoginPage_OrangeHRM/button_Login' is clicked on

16-01-2025T14:02:19 - [TEST_STEP][PASSED] - verifyElementPresent(findTestObject("Object Repository/Web/HomePage_OrangeHRM/span_manda user"), 10): Object 'Object Repository/Web/HomePage_OrangeHRM/span_manda user' is present

16-01-2025T14:02:22 - [MESSAGE][PASSED] - Object 'Object Repository/Web/HomePage_OrangeHRM/span_manda user' is present

16-01-2025T14:02:22 - [TEST_STEP][PASSED] - closeBrowser(): Browser is closed

16-01-2025T14:02:23 - [MESSAGE][PASSED] - Browser is closed]]></system-out>
         <system-err><![CDATA[]]></system-err>
      </testcase>
      <testcase name="Test Cases/Web/WTC1 - Login user successfully - Copy (1)" time="22.899" classname="Test Cases/Web/WTC1 - Login user successfully - Copy (1)" status="PASSED">
         <system-out><![CDATA[16-01-2025T14:02:23 - [TEST_CASE][PASSED] - Test Cases/Web/WTC1 - Login user successfully - Copy (1): Test Cases/Web/WTC1 - Login user successfully - Copy (1)

16-01-2025T14:02:23 - [TEST_STEP][PASSED] - openBrowser(webBaseUrl + "/web/index.php/auth/login"): Browser is opened with url: 'https://opensource-demo.orangehrmlive.com/web/index.php/auth/login'

16-01-2025T14:02:23 - [MESSAGE][INFO] - Starting 'Firefox (headless)' driver

16-01-2025T14:02:23 - [MESSAGE][INFO] - Action delay is set to 0 milliseconds

16-01-2025T14:02:38 - [MESSAGE][PASSED] - Browser is opened with url: 'https://opensource-demo.orangehrmlive.com/web/index.php/auth/login'

16-01-2025T14:02:38 - [TEST_STEP][PASSED] - setText(findTestObject("Object Repository/Web/LoginPage_OrangeHRM/input_Username_username"), "Admin"): Text 'Admin' is set on object 'Object Repository/Web/LoginPage_OrangeHRM/input_Username_username'

16-01-2025T14:02:41 - [MESSAGE][PASSED] - Text 'Admin' is set on object 'Object Repository/Web/LoginPage_OrangeHRM/input_Username_username'

16-01-2025T14:02:41 - [TEST_STEP][PASSED] - setEncryptedText(findTestObject("Object Repository/Web/LoginPage_OrangeHRM/input_Password_password"), "hUKwJTbofgPU9eVlw/CnDQ=="): Text ****** has been set on object 'Object Repository/Web/LoginPage_OrangeHRM/input_Password_password'

16-01-2025T14:02:41 - [MESSAGE][PASSED] - Text ****** has been set on object 'Object Repository/Web/LoginPage_OrangeHRM/input_Password_password'

16-01-2025T14:02:41 - [TEST_STEP][PASSED] - click(findTestObject("Object Repository/Web/LoginPage_OrangeHRM/button_Login")): Object: 'Object Repository/Web/LoginPage_OrangeHRM/button_Login' is clicked on

16-01-2025T14:02:43 - [MESSAGE][PASSED] - Object: 'Object Repository/Web/LoginPage_OrangeHRM/button_Login' is clicked on

16-01-2025T14:02:43 - [TEST_STEP][PASSED] - verifyElementPresent(findTestObject("Object Repository/Web/HomePage_OrangeHRM/span_manda user"), 10): Object 'Object Repository/Web/HomePage_OrangeHRM/span_manda user' is present

16-01-2025T14:02:45 - [MESSAGE][PASSED] - Object 'Object Repository/Web/HomePage_OrangeHRM/span_manda user' is present

16-01-2025T14:02:45 - [TEST_STEP][PASSED] - closeBrowser(): Browser is closed

16-01-2025T14:02:46 - [MESSAGE][PASSED] - Browser is closed]]></system-out>
         <system-err><![CDATA[]]></system-err>
      </testcase>
      <system-out><![CDATA[16-01-2025T14:00:25 - [TEST_SUITE][PASSED] - ATS1 - Login page test suite - Copy: Test Cases/Web/WTC1 - Login user successfully - Copy (1)]]></system-out>
      <system-err><![CDATA[]]></system-err>
   </testsuite>
</testsuites>
