<?xml version="1.0" encoding="UTF-8"?>
<testsuites name="ATS1 - GET method test suite" time="2.151" tests="6" failures="0" errors="0">
   <testsuite name="ATS1 - GET method test suite" tests="6" failures="0" errors="0" time="2.151" skipped="0" timestamp="16-01-2025T13:32:27" hostname="thuy - thuy-Modern-14-B11MOU" id="Test Suites/Api/ATS1 - GET method test suite">
      <properties>
         <property name="deviceName" value=""/>
         <property name="devicePlatform"/>
         <property name="logFolder" value="/home/thuy/Downloads/katalon-projects/FirstTestProject/Reports/20250116_133221/Api/ATS1 - GET method test suite/20250116_133221"/>
         <property name="logFiles" value="/home/thuy/Downloads/katalon-projects/FirstTestProject/Reports/20250116_133221/Api/ATS1 - GET method test suite/20250116_133221/execution0.log"/>
         <property name="attachments" value=""/>
         <property name="hostName" value="thuy - thuy-Modern-14-B11MOU"/>
         <property name="hostAddress" value="127.0.1.1"/>
         <property name="os" value="Linux 64bit"/>
         <property name="katalonVersion" value="10.0.1.223"/>
      </properties>
      <testcase name="Test Cases/Api/ATC2 - Get user by id successfully" time="1.439" classname="Test Cases/Api/ATC2 - Get user by id successfully" status="PASSED">
         <system-out><![CDATA[16-01-2025T13:32:27 - [TEST_CASE][PASSED] - Test Cases/Api/ATC2 - Get user by id successfully: Test Cases/Api/ATC2 - Get user by id successfully

16-01-2025T13:32:27 - [TEST_STEP][PASSED] - response = sendRequest(findTestObject("Object Repository/Api/Get User By Id", ["id":1])): Send request successfully

16-01-2025T13:32:28 - [MESSAGE][INFO] - HAR: /home/thuy/Downloads/katalon-projects/FirstTestProject/Reports/20250116_133221/Api/ATS1 - GET method test suite/20250116_133221/requests/main/0.har

16-01-2025T13:32:28 - [MESSAGE][PASSED] - Send request successfully

16-01-2025T13:32:28 - [TEST_STEP][PASSED] - assert getResponseStatusCode(response) == 200: null]]></system-out>
         <system-err><![CDATA[]]></system-err>
      </testcase>
      <testcase name="Test Cases/Api/ATC2 - Get user by id successfully" time="0.096" classname="Test Cases/Api/ATC2 - Get user by id successfully" status="PASSED">
         <system-out><![CDATA[16-01-2025T13:32:28 - [TEST_CASE][PASSED] - Test Cases/Api/ATC2 - Get user by id successfully: Test Cases/Api/ATC2 - Get user by id successfully

16-01-2025T13:32:28 - [TEST_STEP][PASSED] - response = sendRequest(findTestObject("Object Repository/Api/Get User By Id", ["id":1])): Send request successfully

16-01-2025T13:32:28 - [MESSAGE][INFO] - HAR: /home/thuy/Downloads/katalon-projects/FirstTestProject/Reports/20250116_133221/Api/ATS1 - GET method test suite/20250116_133221/requests/main/1.har

16-01-2025T13:32:28 - [MESSAGE][PASSED] - Send request successfully

16-01-2025T13:32:28 - [TEST_STEP][PASSED] - assert getResponseStatusCode(response) == 200: null]]></system-out>
         <system-err><![CDATA[]]></system-err>
      </testcase>
      <testcase name="Test Cases/Api/ATC2 - Get user by id successfully" time="0.09" classname="Test Cases/Api/ATC2 - Get user by id successfully" status="PASSED">
         <system-out><![CDATA[16-01-2025T13:32:28 - [TEST_CASE][PASSED] - Test Cases/Api/ATC2 - Get user by id successfully: Test Cases/Api/ATC2 - Get user by id successfully

16-01-2025T13:32:28 - [TEST_STEP][PASSED] - response = sendRequest(findTestObject("Object Repository/Api/Get User By Id", ["id":1])): Send request successfully

16-01-2025T13:32:28 - [MESSAGE][INFO] - HAR: /home/thuy/Downloads/katalon-projects/FirstTestProject/Reports/20250116_133221/Api/ATS1 - GET method test suite/20250116_133221/requests/main/2.har

16-01-2025T13:32:28 - [MESSAGE][PASSED] - Send request successfully

16-01-2025T13:32:28 - [TEST_STEP][PASSED] - assert getResponseStatusCode(response) == 200: null]]></system-out>
         <system-err><![CDATA[]]></system-err>
      </testcase>
      <testcase name="Test Cases/Api/ATC3 - Get user by id unsuccessfully" time="0.128" classname="Test Cases/Api/ATC3 - Get user by id unsuccessfully" status="PASSED">
         <system-out><![CDATA[16-01-2025T13:32:28 - [TEST_CASE][PASSED] - Test Cases/Api/ATC3 - Get user by id unsuccessfully: Test Cases/Api/ATC3 - Get user by id unsuccessfully

16-01-2025T13:32:28 - [TEST_STEP][PASSED] - response = sendRequest(findTestObject("Object Repository/Api/Get User By Id", ["id":id])): Send request successfully

16-01-2025T13:32:29 - [MESSAGE][INFO] - HAR: /home/thuy/Downloads/katalon-projects/FirstTestProject/Reports/20250116_133221/Api/ATS1 - GET method test suite/20250116_133221/requests/main/3.har

16-01-2025T13:32:29 - [MESSAGE][PASSED] - Send request successfully

16-01-2025T13:32:29 - [TEST_STEP][PASSED] - assert getResponseStatusCode(response) == 404: null]]></system-out>
         <system-err><![CDATA[]]></system-err>
      </testcase>
      <testcase name="Test Cases/Api/ATC3 - Get user by id unsuccessfully" time="0.1" classname="Test Cases/Api/ATC3 - Get user by id unsuccessfully" status="PASSED">
         <system-out><![CDATA[16-01-2025T13:32:29 - [TEST_CASE][PASSED] - Test Cases/Api/ATC3 - Get user by id unsuccessfully: Test Cases/Api/ATC3 - Get user by id unsuccessfully

16-01-2025T13:32:29 - [TEST_STEP][PASSED] - response = sendRequest(findTestObject("Object Repository/Api/Get User By Id", ["id":id])): Send request successfully

16-01-2025T13:32:29 - [MESSAGE][INFO] - HAR: /home/thuy/Downloads/katalon-projects/FirstTestProject/Reports/20250116_133221/Api/ATS1 - GET method test suite/20250116_133221/requests/main/4.har

16-01-2025T13:32:29 - [MESSAGE][PASSED] - Send request successfully

16-01-2025T13:32:29 - [TEST_STEP][PASSED] - assert getResponseStatusCode(response) == 404: null]]></system-out>
         <system-err><![CDATA[]]></system-err>
      </testcase>
      <testcase name="Test Cases/Api/ATC3 - Get user by id unsuccessfully" time="0.106" classname="Test Cases/Api/ATC3 - Get user by id unsuccessfully" status="PASSED">
         <system-out><![CDATA[16-01-2025T13:32:29 - [TEST_CASE][PASSED] - Test Cases/Api/ATC3 - Get user by id unsuccessfully: Test Cases/Api/ATC3 - Get user by id unsuccessfully

16-01-2025T13:32:29 - [TEST_STEP][PASSED] - response = sendRequest(findTestObject("Object Repository/Api/Get User By Id", ["id":id])): Send request successfully

16-01-2025T13:32:29 - [MESSAGE][INFO] - HAR: /home/thuy/Downloads/katalon-projects/FirstTestProject/Reports/20250116_133221/Api/ATS1 - GET method test suite/20250116_133221/requests/main/5.har

16-01-2025T13:32:29 - [MESSAGE][PASSED] - Send request successfully

16-01-2025T13:32:29 - [TEST_STEP][PASSED] - assert getResponseStatusCode(response) == 404: null]]></system-out>
         <system-err><![CDATA[]]></system-err>
      </testcase>
      <system-out><![CDATA[16-01-2025T13:32:27 - [TEST_SUITE][PASSED] - ATS1 - GET method test suite: Test Cases/Api/ATC3 - Get user by id unsuccessfully]]></system-out>
      <system-err><![CDATA[]]></system-err>
   </testsuite>
</testsuites>
